\BOOKMARK [0][-]{chapter.1}{Einf\374hrung}{}% 1
\BOOKMARK [1][-]{section.1.1}{Aufgabenstellung}{chapter.1}% 2
\BOOKMARK [0][-]{chapter.2}{Software-Architektur}{}% 3
\BOOKMARK [1][-]{section.2.1}{Randbedingungen}{chapter.2}% 4
\BOOKMARK [1][-]{section.2.2}{Kontextabgrenzung}{chapter.2}% 5
\BOOKMARK [1][-]{section.2.3}{L\366sungsstrategie}{chapter.2}% 6
\BOOKMARK [1][-]{section.2.4}{Bausteinsicht}{chapter.2}% 7
\BOOKMARK [1][-]{section.2.5}{Laufzeitsicht}{chapter.2}% 8
\BOOKMARK [1][-]{section.2.6}{Verteilungssicht}{chapter.2}% 9
\BOOKMARK [1][-]{section.2.7}{Querschnittliche Konzepte}{chapter.2}% 10
\BOOKMARK [1][-]{section.2.8}{Entwurfsentscheidungen}{chapter.2}% 11
\BOOKMARK [1][-]{section.2.9}{Qualit\344tsszenarien}{chapter.2}% 12
\BOOKMARK [1][-]{section.2.10}{Risiken und technische Schulden}{chapter.2}% 13
\BOOKMARK [0][-]{chapter.3}{Design}{}% 14
\BOOKMARK [1][-]{section.3.1}{Strassensystem}{chapter.3}% 15
\BOOKMARK [2][-]{subsection.3.1.1}{Ampeln}{section.3.1}% 16
\BOOKMARK [2][-]{subsection.3.1.2}{Strassen}{section.3.1}% 17
\BOOKMARK [2][-]{subsection.3.1.3}{Kreuzungen}{section.3.1}% 18
\BOOKMARK [1][-]{section.3.2}{Fahrzeuglogik}{chapter.3}% 19
\BOOKMARK [1][-]{section.3.3}{Ampelsteuerung}{chapter.3}% 20
\BOOKMARK [1][-]{section.3.4}{Hindernisse}{chapter.3}% 21
\BOOKMARK [1][-]{section.3.5}{Aus- und Einfahren von Fahrzeugen anderer Gruppen}{chapter.3}% 22
\BOOKMARK [0][-]{chapter.4}{Implementierung}{}% 23
\BOOKMARK [1][-]{section.4.1}{Erstellung der Welt}{chapter.4}% 24
\BOOKMARK [1][-]{section.4.2}{Fahrzeugsteuerung}{chapter.4}% 25
\BOOKMARK [1][-]{section.4.3}{Erkennen und Reagieren auf Ampeln}{chapter.4}% 26
\BOOKMARK [1][-]{section.4.4}{Fahrzeug Kollisionserkennung}{chapter.4}% 27
\BOOKMARK [1][-]{section.4.5}{Ampelsteuerung}{chapter.4}% 28
\BOOKMARK [1][-]{section.4.6}{Erstellen und L\366schen von Hindernisse}{chapter.4}% 29
\BOOKMARK [1][-]{section.4.7}{Aus- und Einfahren von Fahrzeugen anderer Gruppen}{chapter.4}% 30
